c:\users\xero\desktop\project3\project3\project3\debug\vc120.pdb
c:\users\xero\desktop\project3\project3\project3\debug\myform.obj
c:\users\xero\desktop\project3\project3\project3\debug\item.obj
c:\users\xero\desktop\project3\project3\project3\debug\.netframework,version=v4.5.assemblyattributes.obj
c:\users\xero\desktop\project3\project3\debug\project3.exe
c:\users\xero\desktop\project3\project3\debug\project3.pdb
c:\users\xero\desktop\project3\project3\project3\debug\project3.tlog\metagen.write.1.tlog
c:\users\xero\desktop\project3\project3\project3\debug\project3.myform.resources
c:\users\xero\desktop\project3\project3\project3\debug\project3.vcxproj.generateresource.cache
c:\users\xero\desktop\project3\project3\project3\debug\project3.vcxprojresolveassemblyreference.cache
c:\users\xero\desktop\project3\project3\project3\debug\project3.tlog\cl.command.1.tlog
c:\users\xero\desktop\project3\project3\project3\debug\project3.tlog\cl.read.1.tlog
c:\users\xero\desktop\project3\project3\project3\debug\project3.tlog\cl.write.1.tlog
c:\users\xero\desktop\project3\project3\project3\debug\project3.tlog\link.command.1.tlog
c:\users\xero\desktop\project3\project3\project3\debug\project3.tlog\link.read.1.tlog
c:\users\xero\desktop\project3\project3\project3\debug\project3.tlog\link.write.1.tlog
c:\users\xero\desktop\project3\project3\project3\debug\project3.tlog\metagen.read.1.tlog
c:\users\xero\desktop\project3\project3\project3\debug\project3.tlog\project3.write.1u.tlog
c:\users\xero\desktop\project3\project3\project3\debug\project3.tlog\telerik.wincontrols.dll.metagen
c:\users\xero\desktop\project3\project3\project3\debug\project3.tlog\telerik.wincontrols.richtexteditor.dll.metagen
c:\users\xero\desktop\project3\project3\project3\debug\project3.tlog\telerik.wincontrols.ui.dll.metagen
c:\users\xero\desktop\project3\project3\project3\debug\project3.tlog\telerikcommon.dll.metagen
c:\users\xero\desktop\project3\project3\project3\debug\project3.tlog\ntdll.dll.bi
c:\users\xero\desktop\project3\project3\project3\debug\project3.tlog\tzres.dll.bi
